
*** Running vivado
    with args -log booths_top.vds -m64 -product Vivado -mode batch -messageDb vivado.pb -notrace -source booths_top.tcl



****** Vivado v2025.2 (64-bit)
  **** SW Build 6299465 on Fri Nov 14 19:35:11 GMT 2025
  **** IP Build 6300035 on Fri Nov 14 10:48:45 MST 2025
  **** SharedData Build 6298862 on Thu Nov 13 04:50:51 MST 2025
  **** Start of session at: Fri May 29 22:48:05 2026
    ** Copyright 1986-2022 Xilinx, Inc. All Rights Reserved.
    ** Copyright 2022-2025 Advanced Micro Devices, Inc. All Rights Reserved.

source booths_top.tcl -notrace
create_project: Time (s): cpu = 00:00:09 ; elapsed = 00:00:06 . Memory (MB): peak = 565.355 ; gain = 255.668
Command: synth_design -top booths_top -part xc7a35ticsg324-1L
Starting synth_design
Attempting to get a license for feature 'Synthesis' and/or device 'xc7a35ti'
INFO: [Common 17-349] Got license for feature 'Synthesis' and/or device 'xc7a35ti'
INFO: [Synth 8-7079] Multithreading enabled for synth_design using a maximum of 2 processes.
INFO: [Synth 8-7078] Launching helper process for spawning children vivado processes
INFO: [Synth 8-7075] Helper process launched with PID 21496
---------------------------------------------------------------------------------
Starting Synthesize : Time (s): cpu = 00:00:05 ; elapsed = 00:00:05 . Memory (MB): peak = 1103.559 ; gain = 533.234
---------------------------------------------------------------------------------
INFO: [Synth 8-6157] synthesizing module 'booths_top' [F:/Embedded/Vivado/KMA/booths_multiplication/booths_multiplication.srcs/sources_1/new/booths_top.sv:23]
INFO: [Synth 8-6157] synthesizing module 'Datapath' [F:/Embedded/Vivado/KMA/booths_multiplication/booths_multiplication.srcs/sources_1/new/booths_datapath.sv:23]
INFO: [Synth 8-6157] synthesizing module 'REG1' [F:/Embedded/Vivado/KMA/booths_multiplication/booths_multiplication.srcs/sources_1/new/booths_module.sv:23]
INFO: [Synth 8-6155] done synthesizing module 'REG1' (0#1) [F:/Embedded/Vivado/KMA/booths_multiplication/booths_multiplication.srcs/sources_1/new/booths_module.sv:23]
INFO: [Synth 8-6157] synthesizing module 'REG2' [F:/Embedded/Vivado/KMA/booths_multiplication/booths_multiplication.srcs/sources_1/new/booths_module.sv:51]
INFO: [Synth 8-6155] done synthesizing module 'REG2' (0#1) [F:/Embedded/Vivado/KMA/booths_multiplication/booths_multiplication.srcs/sources_1/new/booths_module.sv:51]
INFO: [Synth 8-6157] synthesizing module 'REG3' [F:/Embedded/Vivado/KMA/booths_multiplication/booths_multiplication.srcs/sources_1/new/booths_module.sv:79]
INFO: [Synth 8-6155] done synthesizing module 'REG3' (0#1) [F:/Embedded/Vivado/KMA/booths_multiplication/booths_multiplication.srcs/sources_1/new/booths_module.sv:79]
INFO: [Synth 8-6157] synthesizing module 'REG4' [F:/Embedded/Vivado/KMA/booths_multiplication/booths_multiplication.srcs/sources_1/new/booths_module.sv:127]
INFO: [Synth 8-6155] done synthesizing module 'REG4' (0#1) [F:/Embedded/Vivado/KMA/booths_multiplication/booths_multiplication.srcs/sources_1/new/booths_module.sv:127]
INFO: [Synth 8-6157] synthesizing module 'cnt' [F:/Embedded/Vivado/KMA/booths_multiplication/booths_multiplication.srcs/sources_1/new/booths_module.sv:100]
INFO: [Synth 8-6155] done synthesizing module 'cnt' (0#1) [F:/Embedded/Vivado/KMA/booths_multiplication/booths_multiplication.srcs/sources_1/new/booths_module.sv:100]
WARNING: [Synth 8-7071] port 'clr' of module 'cnt' is unconnected for instance 'Cnt1' [F:/Embedded/Vivado/KMA/booths_multiplication/booths_multiplication.srcs/sources_1/new/booths_datapath.sv:94]
WARNING: [Synth 8-7023] instance 'Cnt1' of module 'cnt' has 5 connections declared, but only 4 given [F:/Embedded/Vivado/KMA/booths_multiplication/booths_multiplication.srcs/sources_1/new/booths_datapath.sv:94]
INFO: [Synth 8-6157] synthesizing module 'ALU' [F:/Embedded/Vivado/KMA/booths_multiplication/booths_multiplication.srcs/sources_1/new/booths_module.sv:145]
INFO: [Synth 8-6155] done synthesizing module 'ALU' (0#1) [F:/Embedded/Vivado/KMA/booths_multiplication/booths_multiplication.srcs/sources_1/new/booths_module.sv:145]
INFO: [Synth 8-6155] done synthesizing module 'Datapath' (0#1) [F:/Embedded/Vivado/KMA/booths_multiplication/booths_multiplication.srcs/sources_1/new/booths_datapath.sv:23]
INFO: [Synth 8-6157] synthesizing module 'Controlpath' [F:/Embedded/Vivado/KMA/booths_multiplication/booths_multiplication.srcs/sources_1/new/booths_control.sv:23]
INFO: [Synth 8-155] case statement is not full and has no default [F:/Embedded/Vivado/KMA/booths_multiplication/booths_multiplication.srcs/sources_1/new/booths_control.sv:129]
INFO: [Synth 8-6155] done synthesizing module 'Controlpath' (0#1) [F:/Embedded/Vivado/KMA/booths_multiplication/booths_multiplication.srcs/sources_1/new/booths_control.sv:23]
INFO: [Synth 8-6155] done synthesizing module 'booths_top' (0#1) [F:/Embedded/Vivado/KMA/booths_multiplication/booths_multiplication.srcs/sources_1/new/booths_top.sv:23]
WARNING: [Synth 8-7129] Port data_outQ[7] in module Controlpath is either unconnected or has no load
WARNING: [Synth 8-7129] Port data_outQ[6] in module Controlpath is either unconnected or has no load
WARNING: [Synth 8-7129] Port data_outQ[5] in module Controlpath is either unconnected or has no load
WARNING: [Synth 8-7129] Port data_outQ[4] in module Controlpath is either unconnected or has no load
WARNING: [Synth 8-7129] Port data_outQ[3] in module Controlpath is either unconnected or has no load
WARNING: [Synth 8-7129] Port data_outQ[2] in module Controlpath is either unconnected or has no load
WARNING: [Synth 8-7129] Port data_outQ[1] in module Controlpath is either unconnected or has no load
WARNING: [Synth 8-7129] Port clk in module ALU is either unconnected or has no load
WARNING: [Synth 8-7129] Port clr_cnt in module Datapath is either unconnected or has no load
---------------------------------------------------------------------------------
Finished Synthesize : Time (s): cpu = 00:00:06 ; elapsed = 00:00:06 . Memory (MB): peak = 1223.078 ; gain = 652.754
---------------------------------------------------------------------------------
---------------------------------------------------------------------------------
Finished Constraint Validation : Time (s): cpu = 00:00:06 ; elapsed = 00:00:07 . Memory (MB): peak = 1223.078 ; gain = 652.754
---------------------------------------------------------------------------------
---------------------------------------------------------------------------------
Start Loading Part and Timing Information
---------------------------------------------------------------------------------
Loading part: xc7a35ticsg324-1L
INFO: [Device 21-403] Loading part xc7a35ticsg324-1L
---------------------------------------------------------------------------------
Finished Loading Part and Timing Information : Time (s): cpu = 00:00:06 ; elapsed = 00:00:07 . Memory (MB): peak = 1223.078 ; gain = 652.754
---------------------------------------------------------------------------------
INFO: [Synth 8-802] inferred FSM for state register 'state_reg' in module 'Controlpath'
---------------------------------------------------------------------------------------------------
                   State |                     New Encoding |                Previous Encoding 
---------------------------------------------------------------------------------------------------
                      S0 |                        000000001 |                             0000
                      S1 |                        000000010 |                             0001
                      S2 |                        000000100 |                             0010
                      S3 |                        000001000 |                             0011
                      S6 |                        000010000 |                             0110
                      S7 |                        000100000 |                             0111
                      S8 |                        001000000 |                             1000
                      S4 |                        010000000 |                             0100
                      S5 |                        100000000 |                             0101
---------------------------------------------------------------------------------------------------
INFO: [Synth 8-3354] encoded FSM with state register 'state_reg' using encoding 'one-hot' in module 'Controlpath'
---------------------------------------------------------------------------------
Finished RTL Optimization Phase 2 : Time (s): cpu = 00:00:07 ; elapsed = 00:00:07 . Memory (MB): peak = 1223.078 ; gain = 652.754
---------------------------------------------------------------------------------
No constraint files found.
---------------------------------------------------------------------------------
Start RTL Component Statistics 
---------------------------------------------------------------------------------
Detailed RTL Component Info : 
+---Adders : 
	   2 Input    8 Bit       Adders := 1     
	   3 Input    8 Bit       Adders := 1     
+---Registers : 
	                8 Bit    Registers := 4     
	                1 Bit    Registers := 3     
+---Muxes : 
	   9 Input    9 Bit        Muxes := 1     
	   3 Input    9 Bit        Muxes := 2     
	   2 Input    9 Bit        Muxes := 1     
	   2 Input    8 Bit        Muxes := 3     
	   3 Input    8 Bit        Muxes := 1     
	   2 Input    1 Bit        Muxes := 2     
	   9 Input    1 Bit        Muxes := 3     
---------------------------------------------------------------------------------
Finished RTL Component Statistics 
---------------------------------------------------------------------------------
---------------------------------------------------------------------------------
Start Part Resource Summary
---------------------------------------------------------------------------------
Part Resources:
DSPs: 90 (col length:60)
BRAMs: 100 (col length: RAMB18 60 RAMB36 30)
---------------------------------------------------------------------------------
Finished Part Resource Summary
---------------------------------------------------------------------------------
No constraint files found.
---------------------------------------------------------------------------------
Start Cross Boundary and Area Optimization
---------------------------------------------------------------------------------
---------------------------------------------------------------------------------
Finished Cross Boundary and Area Optimization : Time (s): cpu = 00:00:09 ; elapsed = 00:00:20 . Memory (MB): peak = 1415.676 ; gain = 845.352
---------------------------------------------------------------------------------
No constraint files found.
---------------------------------------------------------------------------------
Start Timing Optimization
---------------------------------------------------------------------------------
---------------------------------------------------------------------------------
Finished Timing Optimization : Time (s): cpu = 00:00:09 ; elapsed = 00:00:20 . Memory (MB): peak = 1415.676 ; gain = 845.352
---------------------------------------------------------------------------------
---------------------------------------------------------------------------------
Start Technology Mapping
---------------------------------------------------------------------------------
---------------------------------------------------------------------------------
Finished Technology Mapping : Time (s): cpu = 00:00:09 ; elapsed = 00:00:20 . Memory (MB): peak = 1415.676 ; gain = 845.352
---------------------------------------------------------------------------------
---------------------------------------------------------------------------------
Start IO Insertion
---------------------------------------------------------------------------------
---------------------------------------------------------------------------------
Start Flattening Before IO Insertion
---------------------------------------------------------------------------------
---------------------------------------------------------------------------------
Finished Flattening Before IO Insertion
---------------------------------------------------------------------------------
---------------------------------------------------------------------------------
Start Final Netlist Cleanup
---------------------------------------------------------------------------------
---------------------------------------------------------------------------------
Finished Final Netlist Cleanup
---------------------------------------------------------------------------------
---------------------------------------------------------------------------------
Finished IO Insertion : Time (s): cpu = 00:00:12 ; elapsed = 00:00:23 . Memory (MB): peak = 1646.168 ; gain = 1075.844
---------------------------------------------------------------------------------
---------------------------------------------------------------------------------
Start Renaming Generated Instances
---------------------------------------------------------------------------------
---------------------------------------------------------------------------------
Finished Renaming Generated Instances : Time (s): cpu = 00:00:12 ; elapsed = 00:00:23 . Memory (MB): peak = 1646.168 ; gain = 1075.844
---------------------------------------------------------------------------------
---------------------------------------------------------------------------------
Start Rebuilding User Hierarchy
---------------------------------------------------------------------------------
---------------------------------------------------------------------------------
Finished Rebuilding User Hierarchy : Time (s): cpu = 00:00:12 ; elapsed = 00:00:23 . Memory (MB): peak = 1646.168 ; gain = 1075.844
---------------------------------------------------------------------------------
---------------------------------------------------------------------------------
Start Renaming Generated Ports
---------------------------------------------------------------------------------
---------------------------------------------------------------------------------
Finished Renaming Generated Ports : Time (s): cpu = 00:00:12 ; elapsed = 00:00:23 . Memory (MB): peak = 1646.168 ; gain = 1075.844
---------------------------------------------------------------------------------
---------------------------------------------------------------------------------
Start Handling Custom Attributes
---------------------------------------------------------------------------------
---------------------------------------------------------------------------------
Finished Handling Custom Attributes : Time (s): cpu = 00:00:12 ; elapsed = 00:00:23 . Memory (MB): peak = 1646.168 ; gain = 1075.844
---------------------------------------------------------------------------------
---------------------------------------------------------------------------------
Start Renaming Generated Nets
---------------------------------------------------------------------------------
---------------------------------------------------------------------------------
Finished Renaming Generated Nets : Time (s): cpu = 00:00:12 ; elapsed = 00:00:23 . Memory (MB): peak = 1646.168 ; gain = 1075.844
---------------------------------------------------------------------------------
---------------------------------------------------------------------------------
Start Writing Synthesis Report
---------------------------------------------------------------------------------

Report BlackBoxes: 
+-+--------------+----------+
| |BlackBox name |Instances |
+-+--------------+----------+
+-+--------------+----------+

Report Cell Usage: 
+------+-------+------+
|      |Cell   |Count |
+------+-------+------+
|1     |BUFG   |     1|
|2     |CARRY4 |     2|
|3     |LUT1   |     2|
|4     |LUT2   |     3|
|5     |LUT3   |    21|
|6     |LUT4   |     7|
|7     |LUT5   |     6|
|8     |LUT6   |     6|
|9     |FDRE   |    41|
|10    |FDSE   |     1|
|11    |IBUF   |    11|
|12    |OBUF   |    16|
+------+-------+------+

Report Instance Areas: 
+------+--------------+------------+------+
|      |Instance      |Module      |Cells |
+------+--------------+------------+------+
|1     |top           |            |   117|
|2     |  controlpath |Controlpath |    26|
|3     |  datapath    |Datapath    |    63|
|4     |    A         |REG1        |    25|
|5     |    Cnt1      |cnt         |    18|
|6     |    M         |REG4        |     8|
|7     |    Q__0      |REG2        |     9|
|8     |    Q_1       |REG3        |     3|
+------+--------------+------------+------+
---------------------------------------------------------------------------------
Finished Writing Synthesis Report : Time (s): cpu = 00:00:12 ; elapsed = 00:00:23 . Memory (MB): peak = 1646.168 ; gain = 1075.844
---------------------------------------------------------------------------------
Synthesis finished with 0 errors, 0 critical warnings and 11 warnings.
Synthesis Optimization Runtime : Time (s): cpu = 00:00:12 ; elapsed = 00:00:23 . Memory (MB): peak = 1646.168 ; gain = 1075.844
Synthesis Optimization Complete : Time (s): cpu = 00:00:12 ; elapsed = 00:00:23 . Memory (MB): peak = 1646.168 ; gain = 1075.844
INFO: [Project 1-571] Translating synthesized netlist
Netlist sorting complete. Time (s): cpu = 00:00:00 ; elapsed = 00:00:00.001 . Memory (MB): peak = 1661.172 ; gain = 0.000
INFO: [Netlist 29-17] Analyzing 2 Unisim elements for replacement
INFO: [Netlist 29-28] Unisim Transformation completed in 0 CPU seconds
INFO: [Project 1-570] Preparing netlist for logic optimization
INFO: [Opt 31-138] Pushed 0 inverter(s) to 0 load pin(s).
Netlist sorting complete. Time (s): cpu = 00:00:00 ; elapsed = 00:00:00 . Memory (MB): peak = 1768.934 ; gain = 0.000
INFO: [Project 1-111] Unisim Transformation Summary:
No Unisim elements were transformed.

Synth Design complete | Checksum: a4e585cc
INFO: [Common 17-83] Releasing license: Synthesis
33 Infos, 11 Warnings, 0 Critical Warnings and 0 Errors encountered.
synth_design completed successfully
synth_design: Time (s): cpu = 00:00:14 ; elapsed = 00:00:26 . Memory (MB): peak = 1768.934 ; gain = 1203.578
Write ShapeDB Complete: Time (s): cpu = 00:00:00 ; elapsed = 00:00:00.001 . Memory (MB): peak = 1768.934 ; gain = 0.000
INFO: [Common 17-1381] The checkpoint 'F:/Embedded/Vivado/KMA/booths_multiplication/booths_multiplication.runs/synth_1/booths_top.dcp' has been generated.
INFO: [Vivado 12-24828] Executing command : report_utilization -file booths_top_utilization_synth.rpt -pb booths_top_utilization_synth.pb
INFO: [Common 17-206] Exiting Vivado at Fri May 29 22:48:38 2026...
