Vivado Simulator v2025.2
Copyright 1986-2022 Xilinx, Inc. All Rights Reserved.
Copyright 2022-2025 Advanced Micro Devices, Inc. All Rights Reserved.
Running: F:/Program/Vivado/2025.2/Vivado/bin/unwrapped/win64.o/xelab.exe --incr --debug typical --relax --mt 2 -L xil_defaultlib -L uvm -L unisims_ver -L unimacro_ver -L secureip --snapshot booths_tb_behav xil_defaultlib.booths_tb xil_defaultlib.glbl -log elaborate.log 
Using 2 slave threads.
Starting static elaboration
Pass Through NonSizing Optimizer
Completed static elaboration
Starting simulation data flow analysis
Completed simulation data flow analysis
Time Resolution for simulation is 1ps
Compiling module xil_defaultlib.REG1
Compiling module xil_defaultlib.REG2
Compiling module xil_defaultlib.REG3
Compiling module xil_defaultlib.REG4
Compiling module xil_defaultlib.cnt
Compiling module xil_defaultlib.ALU
Compiling module xil_defaultlib.Datapath
Compiling module xil_defaultlib.Controlpath
Compiling module xil_defaultlib.booths_top
Compiling module xil_defaultlib.booths_tb
Compiling module xil_defaultlib.glbl
Built simulation snapshot booths_tb_behav
